<?xml version="1.0" encoding="UTF-8"?>
<!-- Generated by org.testng.reporters.JUnitReportReporter -->
<testsuite skipped="0" hostname="WKS60066" name="test_package.Testing" tests="1" failures="0" timestamp="12 Dec 2017 04:52:09 GMT" time="21.087" errors="0">
  <testcase name="loginFunctionality" time="21.087" classname="test_package.Testing"/>
</testsuite> <!-- test_package.Testing -->
