<?xml version="1.0" encoding="UTF-8"?>
<!-- Generated by org.testng.reporters.JUnitReportReporter -->
<testsuite hostname="WKS60066" name="test_package.Testing" tests="1" failures="0" timestamp="14 Dec 2017 05:24:19 GMT" time="18.414" errors="0">
  <testcase name="loginFunctionality" time="18.414" classname="test_package.Testing"/>
</testsuite> <!-- test_package.Testing -->
